<?xml version="1.0" encoding="UTF-8"?>
<testng-results skipped="0" failed="1" total="3" passed="2">
  <reporter-output>
  </reporter-output>
  <suite name="Default suite" duration-ms="63" started-at="2019-04-06T12:09:25Z" finished-at="2019-04-06T12:09:25Z">
    <groups>
    </groups>
    <test name="Default test" duration-ms="63" started-at="2019-04-06T12:09:25Z" finished-at="2019-04-06T12:09:25Z">
      <class name="maven.mavenProject.DataProviderTest">
        <test-method status="PASS" signature="dataProviderTest1(int, int)[pri:0, instance:maven.mavenProject.DataProviderTest@13a57a3b]" name="dataProviderTest1" duration-ms="16" started-at="2019-04-06T17:39:25Z" data-provider="getData" finished-at="2019-04-06T17:39:25Z">
          <params>
            <param index="0">
              <value>
                <![CDATA[100]]>
              </value>
            </param>
            <param index="1">
              <value>
                <![CDATA[200]]>
              </value>
            </param>
          </params>
          <reporter-output>
          </reporter-output>
        </test-method> <!-- dataProviderTest1 -->
        <test-method status="FAIL" signature="test2(java.lang.String)[pri:0, instance:maven.mavenProject.DataProviderTest@13a57a3b]" name="test2" duration-ms="0" started-at="2019-04-06T17:39:25Z" data-provider="getValue" finished-at="2019-04-06T17:39:25Z">
          <exception class="java.lang.RuntimeException">
            <message>
              <![CDATA[java.lang.ClassCastException: java.lang.String cannot be cast to [[Ljava.util.Iterator;]]>
            </message>
            <full-stacktrace>
              <![CDATA[java.lang.RuntimeException: java.lang.ClassCastException: java.lang.String cannot be cast to [[Ljava.util.Iterator;
	at org.testng.internal.MethodInvocationHelper.invokeDataProvider(MethodInvocationHelper.java:143)
	at org.testng.internal.Parameters.handleParameters(Parameters.java:426)
	at org.testng.internal.Invoker.handleParameters(Invoker.java:1383)
	at org.testng.internal.Invoker.createParameters(Invoker.java:1075)
	at org.testng.internal.Invoker.invokeTestMethods(Invoker.java:1180)
	at org.testng.internal.TestMethodWorker.invokeTestMethods(TestMethodWorker.java:127)
	at org.testng.internal.TestMethodWorker.run(TestMethodWorker.java:111)
	at org.testng.TestRunner.privateRun(TestRunner.java:767)
	at org.testng.TestRunner.run(TestRunner.java:617)
	at org.testng.SuiteRunner.runTest(SuiteRunner.java:334)
	at org.testng.SuiteRunner.runSequentially(SuiteRunner.java:329)
	at org.testng.SuiteRunner.privateRun(SuiteRunner.java:291)
	at org.testng.SuiteRunner.run(SuiteRunner.java:240)
	at org.testng.SuiteRunnerWorker.runSuite(SuiteRunnerWorker.java:52)
	at org.testng.SuiteRunnerWorker.run(SuiteRunnerWorker.java:86)
	at org.testng.TestNG.runSuitesSequentially(TestNG.java:1198)
	at org.testng.TestNG.runSuitesLocally(TestNG.java:1123)
	at org.testng.TestNG.run(TestNG.java:1031)
	at org.testng.remote.AbstractRemoteTestNG.run(AbstractRemoteTestNG.java:115)
	at org.testng.remote.RemoteTestNG.initAndRun(RemoteTestNG.java:251)
	at org.testng.remote.RemoteTestNG.main(RemoteTestNG.java:77)
Caused by: java.lang.ClassCastException: java.lang.String cannot be cast to [[Ljava.util.Iterator;
	at maven.mavenProject.DataProviderTest.getValue(DataProviderTest.java:40)
	at sun.reflect.NativeMethodAccessorImpl.invoke0(Native Method)
	at sun.reflect.NativeMethodAccessorImpl.invoke(Unknown Source)
	at sun.reflect.DelegatingMethodAccessorImpl.invoke(Unknown Source)
	at java.lang.reflect.Method.invoke(Unknown Source)
	at org.testng.internal.MethodInvocationHelper.invokeMethod(MethodInvocationHelper.java:80)
	at org.testng.internal.MethodInvocationHelper.invokeDataProvider(MethodInvocationHelper.java:117)
	... 20 more
]]>
            </full-stacktrace>
          </exception> <!-- java.lang.RuntimeException -->
          <reporter-output>
          </reporter-output>
        </test-method> <!-- test2 -->
        <test-method status="PASS" signature="dataProviderTest1(int, int)[pri:0, instance:maven.mavenProject.DataProviderTest@13a57a3b]" name="dataProviderTest1" duration-ms="0" started-at="2019-04-06T17:39:25Z" data-provider="getData" finished-at="2019-04-06T17:39:25Z">
          <params>
            <param index="0">
              <value>
                <![CDATA[300]]>
              </value>
            </param>
            <param index="1">
              <value>
                <![CDATA[400]]>
              </value>
            </param>
          </params>
          <reporter-output>
          </reporter-output>
        </test-method> <!-- dataProviderTest1 -->
      </class> <!-- maven.mavenProject.DataProviderTest -->
    </test> <!-- Default test -->
  </suite> <!-- Default suite -->
</testng-results>
